1 5 36152 YefuGwPVKvnoWzClHQXXCxsJSlWcOqZdtSSIyXlSAqaQJfrKyd
1 5 42314 ViWUdecituUGSRkIuyxKgAleoQSfsrPFqKEHQVMDKcgHSzSYeG
1 7 38172 iWbEoFrZUnKxjhmFyfiszoofwexZWcyndjEmggxFGfEeSuPIKU
1 7 51513 WQafzNOQsgIIXwgZaZPbTjFeKmTdUVhgXYGituzNTVETJQAkGO
1 7 32165 uYwKWrydADXUgYCdHquyXYpaiYpBWajljwfyHPEBmBaOtUXXCy
1 7 36650 FZbXIuzwssZAMKjXWzGXGPfELWRuVdLqxkRbLAWEijZbQEPXUX
1 9 39170 NUBtfMUlRyPfxjQKATBaNwMxryWAnbLmgouVyWRnkGnfbXAGuj
1 9 34212 IhtQwqSupALqoidSYcPpjKqhJIOTMOLtaRVsjHtjkVsKZyezml
0 5 53061 ixZNuAdsokSCjLuqUpQLYVQIizQggDxXxEalFGSDhNQNNYdLGk
0 9 49651 yduayjhafuXAYzWXOagfzPhPEKwSzZzrLkmUYLPZCozqiNoLMF
0
0
0
0
0
0
0
0
1
0
